setting 'ivy.default.settings.dir' to 'jar:file:/Users/nkpart/p/deriving-scalaz/etc/xsbt-launch-0.6.10.jar!/org/apache/ivy/core/settings'
setting 'ivy.basedir' to '/Users/nkpart/p/deriving-scalaz/.'
setting 'ivy.default.conf.dir' to 'jar:file:/Users/nkpart/p/deriving-scalaz/etc/xsbt-launch-0.6.10.jar!/org/apache/ivy/core/settings'
impossible to define new type: class not found: org.apache.ivy.plugins.trigger.LogTrigger in [] nor Ivy classloader
impossible to define new type: class not found: org.apache.ivy.plugins.resolver.VsftpResolver in [] nor Ivy classloader
impossible to define new type: class not found: org.apache.ivy.plugins.conflict.RegexpConflictManager in [] nor Ivy classloader
impossible to define new type: class not found: org.apache.ivy.plugins.resolver.SshResolver in [] nor Ivy classloader
impossible to define new type: class not found: org.apache.ivy.plugins.resolver.VfsResolver in [] nor Ivy classloader
impossible to define new type: class not found: org.apache.ivy.plugins.resolver.SFTPResolver in [] nor Ivy classloader
impossible to define new type: class not found: org.apache.ivy.plugins.resolver.packager.PackagerResolver in [] nor Ivy classloader
impossible to define new type: class not found: org.apache.ivy.ant.AntCallTrigger in [] nor Ivy classloader
impossible to define new type: class not found: org.apache.ivy.plugins.resolver.IvyRepResolver in [] nor Ivy classloader
impossible to define new type: class not found: org.apache.ivy.ant.AntBuildTrigger in [] nor Ivy classloader
impossible to define glob matcher: org.apache.ivy.plugins.matcher.GlobPatternMatcher was not found.
setting 'java.runtime.name' to 'Java(TM) SE Runtime Environment'
setting 'sun.boot.library.path' to '/System/Library/Frameworks/JavaVM.framework/Versions/1.6.0/Libraries'
setting 'java.vm.version' to '14.3-b01-101'
setting 'awt.nativeDoubleBuffering' to 'true'
setting 'gopherProxySet' to 'false'
setting 'mrj.build' to '10M3025'
setting 'java.vm.vendor' to 'Apple Inc.'
setting 'java.vendor.url' to 'http://www.apple.com/'
setting 'path.separator' to ':'
setting 'java.vm.name' to 'Java HotSpot(TM) 64-Bit Server VM'
setting 'file.encoding.pkg' to 'sun.io'
setting 'sun.java.launcher' to 'SUN_STANDARD'
setting 'user.country' to 'US'
setting 'sun.os.patch.level' to 'unknown'
setting 'java.vm.specification.name' to 'Java Virtual Machine Specification'
setting 'user.dir' to '/Users/nkpart/p/deriving-scalaz'
setting 'java.runtime.version' to '1.6.0_17-b04-248-10M3025'
setting 'java.awt.graphicsenv' to 'apple.awt.CGraphicsEnvironment'
setting 'java.endorsed.dirs' to '/System/Library/Frameworks/JavaVM.framework/Versions/1.6.0/Home/lib/endorsed'
setting 'os.arch' to 'x86_64'
setting 'java.io.tmpdir' to '/var/folders/rC/rC4eQFBLE80XpZgsYf4QNE+++TI/-Tmp-/'
setting 'line.separator' to '
'
setting 'java.vm.specification.vendor' to 'Sun Microsystems Inc.'
setting 'os.name' to 'Mac OS X'
setting 'sun.jnu.encoding' to 'MacRoman'
setting 'java.library.path' to '.:/Library/Java/Extensions:/System/Library/Java/Extensions:/usr/lib/java'
setting 'java.specification.name' to 'Java Platform API Specification'
setting 'java.class.version' to '50.0'
setting 'sun.management.compiler' to 'HotSpot 64-Bit Server Compiler'
setting 'os.version' to '10.6.2'
setting 'http.nonProxyHosts' to 'local|*.local|169.254/16|*.169.254/16'
setting 'user.home' to '/Users/nkpart'
setting 'user.timezone' to 'Australia/Sydney'
setting 'java.awt.printerjob' to 'apple.awt.CPrinterJob'
setting 'file.encoding' to 'UTF-8'
setting 'java.specification.version' to '1.6'
setting 'java.class.path' to './etc/xsbt-launch-0.6.10.jar'
setting 'user.name' to 'nkpart'
setting 'java.vm.specification.version' to '1.0'
setting 'java.home' to '/System/Library/Frameworks/JavaVM.framework/Versions/1.6.0/Home'
setting 'sun.arch.data.model' to '64'
setting 'user.language' to 'en'
setting 'java.specification.vendor' to 'Sun Microsystems Inc.'
setting 'awt.toolkit' to 'apple.awt.CToolkit'
setting 'java.vm.info' to 'mixed mode'
setting 'java.version' to '1.6.0_17'
setting 'java.ext.dirs' to '/Library/Java/Extensions:/System/Library/Java/Extensions:/System/Library/Frameworks/JavaVM.framework/Versions/1.6.0/Home/lib/ext'
setting 'sun.boot.class.path' to '/System/Library/Frameworks/JavaVM.framework/Versions/1.6.0/Classes/jsfd.jar:/System/Library/Frameworks/JavaVM.framework/Versions/1.6.0/Classes/classes.jar:/System/Library/Frameworks/JavaVM.framework/Frameworks/JavaRuntimeSupport.framework/Resources/Java/JavaRuntimeSupport.jar:/System/Library/Frameworks/JavaVM.framework/Versions/1.6.0/Classes/ui.jar:/System/Library/Frameworks/JavaVM.framework/Versions/1.6.0/Classes/laf.jar:/System/Library/Frameworks/JavaVM.framework/Versions/1.6.0/Classes/sunrsasign.jar:/System/Library/Frameworks/JavaVM.framework/Versions/1.6.0/Classes/jsse.jar:/System/Library/Frameworks/JavaVM.framework/Versions/1.6.0/Classes/jce.jar:/System/Library/Frameworks/JavaVM.framework/Versions/1.6.0/Classes/charsets.jar'
setting 'java.vendor' to 'Apple Inc.'
setting 'file.separator' to '/'
setting 'java.vendor.url.bug' to 'http://bugreport.apple.com/'
setting 'sun.io.unicode.encoding' to 'UnicodeLittle'
setting 'sun.cpu.endian' to 'little'
setting 'mrj.version' to '1060.1.6.0_17-248'
setting 'socksNonProxyHosts' to 'local|*.local|169.254/16|*.169.254/16'
setting 'ftp.nonProxyHosts' to 'local|*.local|169.254/16|*.169.254/16'
setting 'sun.cpu.isalist' to ''
setting 'ivy.default.ivy.user.dir' to '/Users/nkpart/.ivy2'
setting 'ivy.home' to '/Users/nkpart/.ivy2'
no default ivy user dir defined: set to /Users/nkpart/.ivy2
setting 'ivy.cache.dir' to '/Users/nkpart/.ivy2/cache'
no default cache defined: set to /Users/nkpart/.ivy2/cache
setting 'ivy.basedir' to '/Users/nkpart/p/deriving-scalaz/project/boot'
setting 'basedir' to '/Users/nkpart/p/deriving-scalaz/project/boot'
setting 'scala' to '2.7.7'
:: resolving dependencies :: org.scala-tools.sbt#boot-app;1.0
	confs: [default]
	validate = true
	refresh = false
resolving dependencies for configuration 'default'
== resolving dependencies for org.scala-tools.sbt#boot-app;1.0 [default]
loadData of org.scala-tools.sbt#boot-app;1.0 of rootConf=default
== resolving dependencies org.scala-tools.sbt#boot-app;1.0->org.scala-tools.sbt#sbt_2.7.7;0.7.0 [default->default(compile)]
loadData of org.scala-tools.sbt#sbt_2.7.7;0.7.0 of rootConf=default
	using redefined-public to resolve org.scala-tools.sbt#sbt_2.7.7;0.7.0
redefined-public: Checking cache for: dependency: org.scala-tools.sbt#sbt_2.7.7;0.7.0 {default=[default(compile)]}
redefined-public: no namespace defined: using system
	no ivy file in cache for org.scala-tools.sbt#sbt_2.7.7;0.7.0: tried /Users/nkpart/.ivy2/cache/org.scala-tools.sbt/sbt_2.7.7/ivy-0.7.0.xml
redefined-public: no latest strategy defined: using default
local: no namespace defined: using system
	no ivy file in cache for org.scala-tools.sbt#sbt_2.7.7;0.7.0: tried /Users/nkpart/.ivy2/cache/org.scala-tools.sbt/sbt_2.7.7/ivy-0.7.0.xml
	 trying /Users/nkpart/.ivy2/local/org.scala-tools.sbt/sbt_2.7.7/0.7.0/ivys/ivy.xml
		tried /Users/nkpart/.ivy2/local/org.scala-tools.sbt/sbt_2.7.7/0.7.0/ivys/ivy.xml
	local: resource not reachable for org.scala-tools.sbt#sbt_2.7.7;0.7.0: res=/Users/nkpart/.ivy2/local/org.scala-tools.sbt/sbt_2.7.7/0.7.0/ivys/ivy.xml
	 trying /Users/nkpart/.ivy2/local/org.scala-tools.sbt/sbt_2.7.7/0.7.0/jars/sbt_2.7.7.jar
		tried /Users/nkpart/.ivy2/local/org.scala-tools.sbt/sbt_2.7.7/0.7.0/jars/sbt_2.7.7.jar
	local: resource not reachable for org.scala-tools.sbt#sbt_2.7.7;0.7.0: res=/Users/nkpart/.ivy2/local/org.scala-tools.sbt/sbt_2.7.7/0.7.0/jars/sbt_2.7.7.jar
	local: no ivy file nor artifact found for org.scala-tools.sbt#sbt_2.7.7;0.7.0
Maven2 Local: no namespace defined: using system
	no ivy file in cache for org.scala-tools.sbt#sbt_2.7.7;0.7.0: tried /Users/nkpart/.ivy2/cache/org.scala-tools.sbt/sbt_2.7.7/ivy-0.7.0.xml
	 trying file:///Users/nkpart/.m2/repository/org/scala-tools/sbt/sbt_2.7.7/0.7.0/sbt_2.7.7-0.7.0.pom
		tried file:///Users/nkpart/.m2/repository/org/scala-tools/sbt/sbt_2.7.7/0.7.0/sbt_2.7.7-0.7.0.pom
	Maven2 Local: resource not reachable for org/scala-tools/sbt#sbt_2.7.7;0.7.0: res=file:/Users/nkpart/.m2/repository/org/scala-tools/sbt/sbt_2.7.7/0.7.0/sbt_2.7.7-0.7.0.pom
	 trying file:///Users/nkpart/.m2/repository/org/scala-tools/sbt/sbt_2.7.7/0.7.0/sbt_2.7.7-0.7.0.jar
		tried file:///Users/nkpart/.m2/repository/org/scala-tools/sbt/sbt_2.7.7/0.7.0/sbt_2.7.7-0.7.0.jar
	Maven2 Local: resource not reachable for org/scala-tools/sbt#sbt_2.7.7;0.7.0: res=file:/Users/nkpart/.m2/repository/org/scala-tools/sbt/sbt_2.7.7/0.7.0/sbt_2.7.7-0.7.0.jar
	Maven2 Local: no ivy file nor artifact found for org.scala-tools.sbt#sbt_2.7.7;0.7.0
sbt-db: no namespace defined: using system
	no ivy file in cache for org.scala-tools.sbt#sbt_2.7.7;0.7.0: tried /Users/nkpart/.ivy2/cache/org.scala-tools.sbt/sbt_2.7.7/ivy-0.7.0.xml
	 trying http://databinder.net/repo/org.scala-tools.sbt/sbt_2.7.7/0.7.0/ivys/ivy.xml
		tried http://databinder.net/repo/org.scala-tools.sbt/sbt_2.7.7/0.7.0/ivys/ivy.xml
	sbt-db: found md file for org.scala-tools.sbt#sbt_2.7.7;0.7.0
		=> http://databinder.net/repo/org.scala-tools.sbt/sbt_2.7.7/0.7.0/ivys/ivy.xml (0.7.0)
	parser = ivy parser
	no ivy file in cache for org.scala-tools.sbt#sbt_2.7.7;0.7.0: tried /Users/nkpart/.ivy2/cache/org.scala-tools.sbt/sbt_2.7.7/ivy-0.7.0.xml
downloading http://databinder.net/repo/org.scala-tools.sbt/sbt_2.7.7/0.7.0/ivys/ivy.xml ...
	sbt-db: downloading http://databinder.net/repo/org.scala-tools.sbt/sbt_2.7.7/0.7.0/ivys/ivy.xml
		to /Users/nkpart/.ivy2/cache/org.scala-tools.sbt/sbt_2.7.7/ivy-0.7.0.xml.original.part
	[SUCCESSFUL ] org.scala-tools.sbt#sbt_2.7.7;0.7.0!ivy.xml(ivy.original) (376ms)
pre 1.3 ivy file: using exactOrRegexp as default matcher
	default-cache: parsed downloaded md file for org.scala-tools.sbt#sbt_2.7.7;0.7.0; parsed=org.scala-tools.sbt#sbt_2.7.7;0.7.0
	checking org.scala-tools.sbt#sbt_2.7.7;0.7.0 from sbt-db against [none]
	module revision kept as first found: org.scala-tools.sbt#sbt_2.7.7;0.7.0 from sbt-db
	found org.scala-tools.sbt#sbt_2.7.7;0.7.0 in sbt-db
excluding dependency: org.scala-lang#scala-library;2.7.7 {default=[default(compile)]} in default
excluding dependency: org.scala-lang#scala-compiler;2.7.7 {default=[default(compile)]} in default
== resolving dependencies org.scala-tools.sbt#sbt_2.7.7;0.7.0->com.jcraft#jsch;0.1.31 [default->default(compile)]
excluding dependency: org.scala-lang#scala-library;2.7.7 {default=[default(compile)]} in default
excluding dependency: org.scala-lang#scala-compiler;2.7.7 {default=[default(compile)]} in default
loadData of com.jcraft#jsch;0.1.31 of rootConf=default
	using redefined-public to resolve com.jcraft#jsch;0.1.31
redefined-public: Checking cache for: dependency: com.jcraft#jsch;0.1.31 {default=[default(compile)]}
No entry is found in the ModuleDescriptorCache : /Users/nkpart/.ivy2/cache/com.jcraft/jsch/ivy-0.1.31.xml
pre 1.3 ivy file: using exactOrRegexp as default matcher
	found ivy file in cache for com.jcraft#jsch;0.1.31 (resolved by redefined-public): /Users/nkpart/.ivy2/cache/com.jcraft/jsch/ivy-0.1.31.xml
redefined-public: module revision found in cache: com.jcraft#jsch;0.1.31
	found com.jcraft#jsch;0.1.31 in redefined-public
== resolving dependencies org.scala-tools.sbt#sbt_2.7.7;0.7.0->com.jcraft#jsch;0.1.31 [default->runtime]
loadData of com.jcraft#jsch;0.1.31 of rootConf=default
== resolving dependencies org.scala-tools.sbt#sbt_2.7.7;0.7.0->com.jcraft#jsch;0.1.31 [default->compile]
loadData of com.jcraft#jsch;0.1.31 of rootConf=default
== resolving dependencies org.scala-tools.sbt#sbt_2.7.7;0.7.0->com.jcraft#jsch;0.1.31 [default->master]
loadData of com.jcraft#jsch;0.1.31 of rootConf=default
== resolving dependencies org.scala-tools.sbt#sbt_2.7.7;0.7.0->org.scala-tools.testing#test-interface;0.4 [default->default(compile)]
excluding dependency: org.scala-lang#scala-library;2.7.7 {default=[default(compile)]} in default
excluding dependency: org.scala-lang#scala-compiler;2.7.7 {default=[default(compile)]} in default
loadData of org.scala-tools.testing#test-interface;0.4 of rootConf=default
	using redefined-public to resolve org.scala-tools.testing#test-interface;0.4
redefined-public: Checking cache for: dependency: org.scala-tools.testing#test-interface;0.4 {default=[default(compile)]}
No entry is found in the ModuleDescriptorCache : /Users/nkpart/.ivy2/cache/org.scala-tools.testing/test-interface/ivy-0.4.xml
pre 1.3 ivy file: using exactOrRegexp as default matcher
	found ivy file in cache for org.scala-tools.testing#test-interface;0.4 (resolved by redefined-public): /Users/nkpart/.ivy2/cache/org.scala-tools.testing/test-interface/ivy-0.4.xml
redefined-public: module revision found in cache: org.scala-tools.testing#test-interface;0.4
	found org.scala-tools.testing#test-interface;0.4 in redefined-public
== resolving dependencies org.scala-tools.sbt#sbt_2.7.7;0.7.0->org.scala-tools.testing#test-interface;0.4 [default->runtime]
loadData of org.scala-tools.testing#test-interface;0.4 of rootConf=default
== resolving dependencies org.scala-tools.sbt#sbt_2.7.7;0.7.0->org.scala-tools.testing#test-interface;0.4 [default->compile]
loadData of org.scala-tools.testing#test-interface;0.4 of rootConf=default
== resolving dependencies org.scala-tools.sbt#sbt_2.7.7;0.7.0->org.scala-tools.testing#test-interface;0.4 [default->master]
loadData of org.scala-tools.testing#test-interface;0.4 of rootConf=default
== resolving dependencies org.scala-tools.sbt#sbt_2.7.7;0.7.0->org.apache.ivy#ivy;2.1.0 [default->default(compile)]
excluding dependency: org.scala-lang#scala-library;2.7.7 {default=[default(compile)]} in default
excluding dependency: org.scala-lang#scala-compiler;2.7.7 {default=[default(compile)]} in default
loadData of org.apache.ivy#ivy;2.1.0 of rootConf=default
	using redefined-public to resolve org.apache.ivy#ivy;2.1.0
redefined-public: Checking cache for: dependency: org.apache.ivy#ivy;2.1.0 {default=[default(compile)]}
No entry is found in the ModuleDescriptorCache : /Users/nkpart/.ivy2/cache/org.apache.ivy/ivy/ivy-2.1.0.xml
pre 1.3 ivy file: using exactOrRegexp as default matcher
	found ivy file in cache for org.apache.ivy#ivy;2.1.0 (resolved by redefined-public): /Users/nkpart/.ivy2/cache/org.apache.ivy/ivy/ivy-2.1.0.xml
redefined-public: module revision found in cache: org.apache.ivy#ivy;2.1.0
	found org.apache.ivy#ivy;2.1.0 in redefined-public
== resolving dependencies org.scala-tools.sbt#sbt_2.7.7;0.7.0->org.apache.ivy#ivy;2.1.0 [default->runtime]
loadData of org.apache.ivy#ivy;2.1.0 of rootConf=default
== resolving dependencies org.scala-tools.sbt#sbt_2.7.7;0.7.0->org.apache.ivy#ivy;2.1.0 [default->compile]
loadData of org.apache.ivy#ivy;2.1.0 of rootConf=default
== resolving dependencies org.scala-tools.sbt#sbt_2.7.7;0.7.0->org.apache.ivy#ivy;2.1.0 [default->master]
loadData of org.apache.ivy#ivy;2.1.0 of rootConf=default
== resolving dependencies org.scala-tools.sbt#sbt_2.7.7;0.7.0->org.scala-tools.sbt#compile_2.7.7;0.7.0 [default->default(compile)]
excluding dependency: org.scala-lang#scala-library;2.7.7 {default=[default(compile)]} in default
excluding dependency: org.scala-lang#scala-compiler;2.7.7 {default=[default(compile)]} in default
loadData of org.scala-tools.sbt#compile_2.7.7;0.7.0 of rootConf=default
	using redefined-public to resolve org.scala-tools.sbt#compile_2.7.7;0.7.0
redefined-public: Checking cache for: dependency: org.scala-tools.sbt#compile_2.7.7;0.7.0 {default=[default(compile)]}
	no ivy file in cache for org.scala-tools.sbt#compile_2.7.7;0.7.0: tried /Users/nkpart/.ivy2/cache/org.scala-tools.sbt/compile_2.7.7/ivy-0.7.0.xml
	no ivy file in cache for org.scala-tools.sbt#compile_2.7.7;0.7.0: tried /Users/nkpart/.ivy2/cache/org.scala-tools.sbt/compile_2.7.7/ivy-0.7.0.xml
	 trying /Users/nkpart/.ivy2/local/org.scala-tools.sbt/compile_2.7.7/0.7.0/ivys/ivy.xml
		tried /Users/nkpart/.ivy2/local/org.scala-tools.sbt/compile_2.7.7/0.7.0/ivys/ivy.xml
	local: resource not reachable for org.scala-tools.sbt#compile_2.7.7;0.7.0: res=/Users/nkpart/.ivy2/local/org.scala-tools.sbt/compile_2.7.7/0.7.0/ivys/ivy.xml
	 trying /Users/nkpart/.ivy2/local/org.scala-tools.sbt/compile_2.7.7/0.7.0/jars/compile_2.7.7.jar
		tried /Users/nkpart/.ivy2/local/org.scala-tools.sbt/compile_2.7.7/0.7.0/jars/compile_2.7.7.jar
	local: resource not reachable for org.scala-tools.sbt#compile_2.7.7;0.7.0: res=/Users/nkpart/.ivy2/local/org.scala-tools.sbt/compile_2.7.7/0.7.0/jars/compile_2.7.7.jar
	local: no ivy file nor artifact found for org.scala-tools.sbt#compile_2.7.7;0.7.0
	no ivy file in cache for org.scala-tools.sbt#compile_2.7.7;0.7.0: tried /Users/nkpart/.ivy2/cache/org.scala-tools.sbt/compile_2.7.7/ivy-0.7.0.xml
	 trying file:///Users/nkpart/.m2/repository/org/scala-tools/sbt/compile_2.7.7/0.7.0/compile_2.7.7-0.7.0.pom
		tried file:///Users/nkpart/.m2/repository/org/scala-tools/sbt/compile_2.7.7/0.7.0/compile_2.7.7-0.7.0.pom
	Maven2 Local: resource not reachable for org/scala-tools/sbt#compile_2.7.7;0.7.0: res=file:/Users/nkpart/.m2/repository/org/scala-tools/sbt/compile_2.7.7/0.7.0/compile_2.7.7-0.7.0.pom
	 trying file:///Users/nkpart/.m2/repository/org/scala-tools/sbt/compile_2.7.7/0.7.0/compile_2.7.7-0.7.0.jar
		tried file:///Users/nkpart/.m2/repository/org/scala-tools/sbt/compile_2.7.7/0.7.0/compile_2.7.7-0.7.0.jar
	Maven2 Local: resource not reachable for org/scala-tools/sbt#compile_2.7.7;0.7.0: res=file:/Users/nkpart/.m2/repository/org/scala-tools/sbt/compile_2.7.7/0.7.0/compile_2.7.7-0.7.0.jar
	Maven2 Local: no ivy file nor artifact found for org.scala-tools.sbt#compile_2.7.7;0.7.0
	no ivy file in cache for org.scala-tools.sbt#compile_2.7.7;0.7.0: tried /Users/nkpart/.ivy2/cache/org.scala-tools.sbt/compile_2.7.7/ivy-0.7.0.xml
	 trying http://databinder.net/repo/org.scala-tools.sbt/compile_2.7.7/0.7.0/ivys/ivy.xml
		tried http://databinder.net/repo/org.scala-tools.sbt/compile_2.7.7/0.7.0/ivys/ivy.xml
	sbt-db: found md file for org.scala-tools.sbt#compile_2.7.7;0.7.0
		=> http://databinder.net/repo/org.scala-tools.sbt/compile_2.7.7/0.7.0/ivys/ivy.xml (0.7.0)
	parser = ivy parser
	no ivy file in cache for org.scala-tools.sbt#compile_2.7.7;0.7.0: tried /Users/nkpart/.ivy2/cache/org.scala-tools.sbt/compile_2.7.7/ivy-0.7.0.xml
downloading http://databinder.net/repo/org.scala-tools.sbt/compile_2.7.7/0.7.0/ivys/ivy.xml ...
	sbt-db: downloading http://databinder.net/repo/org.scala-tools.sbt/compile_2.7.7/0.7.0/ivys/ivy.xml
		to /Users/nkpart/.ivy2/cache/org.scala-tools.sbt/compile_2.7.7/ivy-0.7.0.xml.original.part
	[SUCCESSFUL ] org.scala-tools.sbt#compile_2.7.7;0.7.0!ivy.xml(ivy.original) (311ms)
pre 1.3 ivy file: using exactOrRegexp as default matcher
	default-cache: parsed downloaded md file for org.scala-tools.sbt#compile_2.7.7;0.7.0; parsed=org.scala-tools.sbt#compile_2.7.7;0.7.0
	checking org.scala-tools.sbt#compile_2.7.7;0.7.0 from sbt-db against [none]
	module revision kept as first found: org.scala-tools.sbt#compile_2.7.7;0.7.0 from sbt-db
	found org.scala-tools.sbt#compile_2.7.7;0.7.0 in sbt-db
== resolving dependencies org.scala-tools.sbt#compile_2.7.7;0.7.0->org.scala-tools.sbt#compiler-interface;0.7.0 [default->default(compile)]
excluding dependency: org.scala-lang#scala-library;2.7.7 {default=[default(compile)]} in default
excluding dependency: org.scala-lang#scala-compiler;2.7.7 {default=[default(compile)]} in default
loadData of org.scala-tools.sbt#compiler-interface;0.7.0 of rootConf=default
	using redefined-public to resolve org.scala-tools.sbt#compiler-interface;0.7.0
redefined-public: Checking cache for: dependency: org.scala-tools.sbt#compiler-interface;0.7.0 {default=[default(compile)]}
	no ivy file in cache for org.scala-tools.sbt#compiler-interface;0.7.0: tried /Users/nkpart/.ivy2/cache/org.scala-tools.sbt/compiler-interface/ivy-0.7.0.xml
	no ivy file in cache for org.scala-tools.sbt#compiler-interface;0.7.0: tried /Users/nkpart/.ivy2/cache/org.scala-tools.sbt/compiler-interface/ivy-0.7.0.xml
	 trying /Users/nkpart/.ivy2/local/org.scala-tools.sbt/compiler-interface/0.7.0/ivys/ivy.xml
		tried /Users/nkpart/.ivy2/local/org.scala-tools.sbt/compiler-interface/0.7.0/ivys/ivy.xml
	local: resource not reachable for org.scala-tools.sbt#compiler-interface;0.7.0: res=/Users/nkpart/.ivy2/local/org.scala-tools.sbt/compiler-interface/0.7.0/ivys/ivy.xml
	 trying /Users/nkpart/.ivy2/local/org.scala-tools.sbt/compiler-interface/0.7.0/jars/compiler-interface.jar
		tried /Users/nkpart/.ivy2/local/org.scala-tools.sbt/compiler-interface/0.7.0/jars/compiler-interface.jar
	local: resource not reachable for org.scala-tools.sbt#compiler-interface;0.7.0: res=/Users/nkpart/.ivy2/local/org.scala-tools.sbt/compiler-interface/0.7.0/jars/compiler-interface.jar
	local: no ivy file nor artifact found for org.scala-tools.sbt#compiler-interface;0.7.0
	no ivy file in cache for org.scala-tools.sbt#compiler-interface;0.7.0: tried /Users/nkpart/.ivy2/cache/org.scala-tools.sbt/compiler-interface/ivy-0.7.0.xml
	 trying file:///Users/nkpart/.m2/repository/org/scala-tools/sbt/compiler-interface/0.7.0/compiler-interface-0.7.0.pom
		tried file:///Users/nkpart/.m2/repository/org/scala-tools/sbt/compiler-interface/0.7.0/compiler-interface-0.7.0.pom
	Maven2 Local: resource not reachable for org/scala-tools/sbt#compiler-interface;0.7.0: res=file:/Users/nkpart/.m2/repository/org/scala-tools/sbt/compiler-interface/0.7.0/compiler-interface-0.7.0.pom
	 trying file:///Users/nkpart/.m2/repository/org/scala-tools/sbt/compiler-interface/0.7.0/compiler-interface-0.7.0.jar
		tried file:///Users/nkpart/.m2/repository/org/scala-tools/sbt/compiler-interface/0.7.0/compiler-interface-0.7.0.jar
	Maven2 Local: resource not reachable for org/scala-tools/sbt#compiler-interface;0.7.0: res=file:/Users/nkpart/.m2/repository/org/scala-tools/sbt/compiler-interface/0.7.0/compiler-interface-0.7.0.jar
	Maven2 Local: no ivy file nor artifact found for org.scala-tools.sbt#compiler-interface;0.7.0
	no ivy file in cache for org.scala-tools.sbt#compiler-interface;0.7.0: tried /Users/nkpart/.ivy2/cache/org.scala-tools.sbt/compiler-interface/ivy-0.7.0.xml
	 trying http://databinder.net/repo/org.scala-tools.sbt/compiler-interface/0.7.0/ivys/ivy.xml
		tried http://databinder.net/repo/org.scala-tools.sbt/compiler-interface/0.7.0/ivys/ivy.xml
	sbt-db: found md file for org.scala-tools.sbt#compiler-interface;0.7.0
		=> http://databinder.net/repo/org.scala-tools.sbt/compiler-interface/0.7.0/ivys/ivy.xml (0.7.0)
	parser = ivy parser
	no ivy file in cache for org.scala-tools.sbt#compiler-interface;0.7.0: tried /Users/nkpart/.ivy2/cache/org.scala-tools.sbt/compiler-interface/ivy-0.7.0.xml
downloading http://databinder.net/repo/org.scala-tools.sbt/compiler-interface/0.7.0/ivys/ivy.xml ...
	sbt-db: downloading http://databinder.net/repo/org.scala-tools.sbt/compiler-interface/0.7.0/ivys/ivy.xml
		to /Users/nkpart/.ivy2/cache/org.scala-tools.sbt/compiler-interface/ivy-0.7.0.xml.original.part
	[SUCCESSFUL ] org.scala-tools.sbt#compiler-interface;0.7.0!ivy.xml(ivy.original) (283ms)
pre 1.3 ivy file: using exactOrRegexp as default matcher
	default-cache: parsed downloaded md file for org.scala-tools.sbt#compiler-interface;0.7.0; parsed=org.scala-tools.sbt#compiler-interface;0.7.0
	checking org.scala-tools.sbt#compiler-interface;0.7.0 from sbt-db against [none]
	module revision kept as first found: org.scala-tools.sbt#compiler-interface;0.7.0 from sbt-db
	found org.scala-tools.sbt#compiler-interface;0.7.0 in sbt-db
== resolving dependencies org.scala-tools.sbt#compiler-interface;0.7.0->jline#jline;0.9.94 [default->default(compile)]
excluding dependency: org.scala-lang#scala-library;2.7.7 {default=[default(compile)]} in default
excluding dependency: org.scala-lang#scala-compiler;2.7.7 {default=[default(compile)]} in default
loadData of jline#jline;0.9.94 of rootConf=default
	using redefined-public to resolve jline#jline;0.9.94
redefined-public: Checking cache for: dependency: jline#jline;0.9.94 {default=[default(compile)]}
No entry is found in the ModuleDescriptorCache : /Users/nkpart/.ivy2/cache/jline/jline/ivy-0.9.94.xml
pre 1.3 ivy file: using exactOrRegexp as default matcher
	found ivy file in cache for jline#jline;0.9.94 (resolved by redefined-public): /Users/nkpart/.ivy2/cache/jline/jline/ivy-0.9.94.xml
redefined-public: module revision found in cache: jline#jline;0.9.94
	found jline#jline;0.9.94 in redefined-public
== resolving dependencies org.scala-tools.sbt#compiler-interface;0.7.0->jline#jline;0.9.94 [default->runtime]
loadData of jline#jline;0.9.94 of rootConf=default
== resolving dependencies org.scala-tools.sbt#compiler-interface;0.7.0->jline#jline;0.9.94 [default->compile]
loadData of jline#jline;0.9.94 of rootConf=default
== resolving dependencies org.scala-tools.sbt#compiler-interface;0.7.0->jline#jline;0.9.94 [default->master]
loadData of jline#jline;0.9.94 of rootConf=default
== resolving dependencies org.scala-tools.sbt#compiler-interface;0.7.0->org.scala-tools.sbt#interface;0.7.0 [default->default(compile)]
excluding dependency: org.scala-lang#scala-library;2.7.7 {default=[default(compile)]} in default
excluding dependency: org.scala-lang#scala-compiler;2.7.7 {default=[default(compile)]} in default
loadData of org.scala-tools.sbt#interface;0.7.0 of rootConf=default
	using redefined-public to resolve org.scala-tools.sbt#interface;0.7.0
redefined-public: Checking cache for: dependency: org.scala-tools.sbt#interface;0.7.0 {default=[default(compile)]}
	no ivy file in cache for org.scala-tools.sbt#interface;0.7.0: tried /Users/nkpart/.ivy2/cache/org.scala-tools.sbt/interface/ivy-0.7.0.xml
	no ivy file in cache for org.scala-tools.sbt#interface;0.7.0: tried /Users/nkpart/.ivy2/cache/org.scala-tools.sbt/interface/ivy-0.7.0.xml
	 trying /Users/nkpart/.ivy2/local/org.scala-tools.sbt/interface/0.7.0/ivys/ivy.xml
		tried /Users/nkpart/.ivy2/local/org.scala-tools.sbt/interface/0.7.0/ivys/ivy.xml
	local: resource not reachable for org.scala-tools.sbt#interface;0.7.0: res=/Users/nkpart/.ivy2/local/org.scala-tools.sbt/interface/0.7.0/ivys/ivy.xml
	 trying /Users/nkpart/.ivy2/local/org.scala-tools.sbt/interface/0.7.0/jars/interface.jar
		tried /Users/nkpart/.ivy2/local/org.scala-tools.sbt/interface/0.7.0/jars/interface.jar
	local: resource not reachable for org.scala-tools.sbt#interface;0.7.0: res=/Users/nkpart/.ivy2/local/org.scala-tools.sbt/interface/0.7.0/jars/interface.jar
	local: no ivy file nor artifact found for org.scala-tools.sbt#interface;0.7.0
	no ivy file in cache for org.scala-tools.sbt#interface;0.7.0: tried /Users/nkpart/.ivy2/cache/org.scala-tools.sbt/interface/ivy-0.7.0.xml
	 trying file:///Users/nkpart/.m2/repository/org/scala-tools/sbt/interface/0.7.0/interface-0.7.0.pom
		tried file:///Users/nkpart/.m2/repository/org/scala-tools/sbt/interface/0.7.0/interface-0.7.0.pom
	Maven2 Local: resource not reachable for org/scala-tools/sbt#interface;0.7.0: res=file:/Users/nkpart/.m2/repository/org/scala-tools/sbt/interface/0.7.0/interface-0.7.0.pom
	 trying file:///Users/nkpart/.m2/repository/org/scala-tools/sbt/interface/0.7.0/interface-0.7.0.jar
		tried file:///Users/nkpart/.m2/repository/org/scala-tools/sbt/interface/0.7.0/interface-0.7.0.jar
	Maven2 Local: resource not reachable for org/scala-tools/sbt#interface;0.7.0: res=file:/Users/nkpart/.m2/repository/org/scala-tools/sbt/interface/0.7.0/interface-0.7.0.jar
	Maven2 Local: no ivy file nor artifact found for org.scala-tools.sbt#interface;0.7.0
	no ivy file in cache for org.scala-tools.sbt#interface;0.7.0: tried /Users/nkpart/.ivy2/cache/org.scala-tools.sbt/interface/ivy-0.7.0.xml
	 trying http://databinder.net/repo/org.scala-tools.sbt/interface/0.7.0/ivys/ivy.xml
		tried http://databinder.net/repo/org.scala-tools.sbt/interface/0.7.0/ivys/ivy.xml
	sbt-db: found md file for org.scala-tools.sbt#interface;0.7.0
		=> http://databinder.net/repo/org.scala-tools.sbt/interface/0.7.0/ivys/ivy.xml (0.7.0)
	parser = ivy parser
	no ivy file in cache for org.scala-tools.sbt#interface;0.7.0: tried /Users/nkpart/.ivy2/cache/org.scala-tools.sbt/interface/ivy-0.7.0.xml
downloading http://databinder.net/repo/org.scala-tools.sbt/interface/0.7.0/ivys/ivy.xml ...
	sbt-db: downloading http://databinder.net/repo/org.scala-tools.sbt/interface/0.7.0/ivys/ivy.xml
		to /Users/nkpart/.ivy2/cache/org.scala-tools.sbt/interface/ivy-0.7.0.xml.original.part
	[SUCCESSFUL ] org.scala-tools.sbt#interface;0.7.0!ivy.xml(ivy.original) (239ms)
pre 1.3 ivy file: using exactOrRegexp as default matcher
	default-cache: parsed downloaded md file for org.scala-tools.sbt#interface;0.7.0; parsed=org.scala-tools.sbt#interface;0.7.0
	checking org.scala-tools.sbt#interface;0.7.0 from sbt-db against [none]
	module revision kept as first found: org.scala-tools.sbt#interface;0.7.0 from sbt-db
	found org.scala-tools.sbt#interface;0.7.0 in sbt-db
== resolving dependencies org.scala-tools.sbt#compile_2.7.7;0.7.0->org.scala-tools.sbt#ivy_2.7.7;0.7.0 [default->default(compile)]
excluding dependency: org.scala-lang#scala-library;2.7.7 {default=[default(compile)]} in default
excluding dependency: org.scala-lang#scala-compiler;2.7.7 {default=[default(compile)]} in default
loadData of org.scala-tools.sbt#ivy_2.7.7;0.7.0 of rootConf=default
	using redefined-public to resolve org.scala-tools.sbt#ivy_2.7.7;0.7.0
redefined-public: Checking cache for: dependency: org.scala-tools.sbt#ivy_2.7.7;0.7.0 {default=[default(compile)]}
	no ivy file in cache for org.scala-tools.sbt#ivy_2.7.7;0.7.0: tried /Users/nkpart/.ivy2/cache/org.scala-tools.sbt/ivy_2.7.7/ivy-0.7.0.xml
	no ivy file in cache for org.scala-tools.sbt#ivy_2.7.7;0.7.0: tried /Users/nkpart/.ivy2/cache/org.scala-tools.sbt/ivy_2.7.7/ivy-0.7.0.xml
	 trying /Users/nkpart/.ivy2/local/org.scala-tools.sbt/ivy_2.7.7/0.7.0/ivys/ivy.xml
		tried /Users/nkpart/.ivy2/local/org.scala-tools.sbt/ivy_2.7.7/0.7.0/ivys/ivy.xml
	local: resource not reachable for org.scala-tools.sbt#ivy_2.7.7;0.7.0: res=/Users/nkpart/.ivy2/local/org.scala-tools.sbt/ivy_2.7.7/0.7.0/ivys/ivy.xml
	 trying /Users/nkpart/.ivy2/local/org.scala-tools.sbt/ivy_2.7.7/0.7.0/jars/ivy_2.7.7.jar
		tried /Users/nkpart/.ivy2/local/org.scala-tools.sbt/ivy_2.7.7/0.7.0/jars/ivy_2.7.7.jar
	local: resource not reachable for org.scala-tools.sbt#ivy_2.7.7;0.7.0: res=/Users/nkpart/.ivy2/local/org.scala-tools.sbt/ivy_2.7.7/0.7.0/jars/ivy_2.7.7.jar
	local: no ivy file nor artifact found for org.scala-tools.sbt#ivy_2.7.7;0.7.0
	no ivy file in cache for org.scala-tools.sbt#ivy_2.7.7;0.7.0: tried /Users/nkpart/.ivy2/cache/org.scala-tools.sbt/ivy_2.7.7/ivy-0.7.0.xml
	 trying file:///Users/nkpart/.m2/repository/org/scala-tools/sbt/ivy_2.7.7/0.7.0/ivy_2.7.7-0.7.0.pom
		tried file:///Users/nkpart/.m2/repository/org/scala-tools/sbt/ivy_2.7.7/0.7.0/ivy_2.7.7-0.7.0.pom
	Maven2 Local: resource not reachable for org/scala-tools/sbt#ivy_2.7.7;0.7.0: res=file:/Users/nkpart/.m2/repository/org/scala-tools/sbt/ivy_2.7.7/0.7.0/ivy_2.7.7-0.7.0.pom
	 trying file:///Users/nkpart/.m2/repository/org/scala-tools/sbt/ivy_2.7.7/0.7.0/ivy_2.7.7-0.7.0.jar
		tried file:///Users/nkpart/.m2/repository/org/scala-tools/sbt/ivy_2.7.7/0.7.0/ivy_2.7.7-0.7.0.jar
	Maven2 Local: resource not reachable for org/scala-tools/sbt#ivy_2.7.7;0.7.0: res=file:/Users/nkpart/.m2/repository/org/scala-tools/sbt/ivy_2.7.7/0.7.0/ivy_2.7.7-0.7.0.jar
	Maven2 Local: no ivy file nor artifact found for org.scala-tools.sbt#ivy_2.7.7;0.7.0
	no ivy file in cache for org.scala-tools.sbt#ivy_2.7.7;0.7.0: tried /Users/nkpart/.ivy2/cache/org.scala-tools.sbt/ivy_2.7.7/ivy-0.7.0.xml
	 trying http://databinder.net/repo/org.scala-tools.sbt/ivy_2.7.7/0.7.0/ivys/ivy.xml
		tried http://databinder.net/repo/org.scala-tools.sbt/ivy_2.7.7/0.7.0/ivys/ivy.xml
	sbt-db: found md file for org.scala-tools.sbt#ivy_2.7.7;0.7.0
		=> http://databinder.net/repo/org.scala-tools.sbt/ivy_2.7.7/0.7.0/ivys/ivy.xml (0.7.0)
	parser = ivy parser
	no ivy file in cache for org.scala-tools.sbt#ivy_2.7.7;0.7.0: tried /Users/nkpart/.ivy2/cache/org.scala-tools.sbt/ivy_2.7.7/ivy-0.7.0.xml
downloading http://databinder.net/repo/org.scala-tools.sbt/ivy_2.7.7/0.7.0/ivys/ivy.xml ...
	sbt-db: downloading http://databinder.net/repo/org.scala-tools.sbt/ivy_2.7.7/0.7.0/ivys/ivy.xml
		to /Users/nkpart/.ivy2/cache/org.scala-tools.sbt/ivy_2.7.7/ivy-0.7.0.xml.original.part
	[SUCCESSFUL ] org.scala-tools.sbt#ivy_2.7.7;0.7.0!ivy.xml(ivy.original) (285ms)
pre 1.3 ivy file: using exactOrRegexp as default matcher
	default-cache: parsed downloaded md file for org.scala-tools.sbt#ivy_2.7.7;0.7.0; parsed=org.scala-tools.sbt#ivy_2.7.7;0.7.0
	checking org.scala-tools.sbt#ivy_2.7.7;0.7.0 from sbt-db against [none]
	module revision kept as first found: org.scala-tools.sbt#ivy_2.7.7;0.7.0 from sbt-db
	found org.scala-tools.sbt#ivy_2.7.7;0.7.0 in sbt-db
== resolving dependencies org.scala-tools.sbt#ivy_2.7.7;0.7.0->org.apache.ivy#ivy;2.1.0 [default->default(compile)]
loadData of org.apache.ivy#ivy;2.1.0 of rootConf=default
default is loaded and no conf to load.  Skip loading
== resolving dependencies org.scala-tools.sbt#ivy_2.7.7;0.7.0->org.apache.ivy#ivy;2.1.0 [default->runtime]
loadData of org.apache.ivy#ivy;2.1.0 of rootConf=default
default is loaded and no conf to load.  Skip loading
== resolving dependencies org.scala-tools.sbt#ivy_2.7.7;0.7.0->org.apache.ivy#ivy;2.1.0 [default->compile]
loadData of org.apache.ivy#ivy;2.1.0 of rootConf=default
default is loaded and no conf to load.  Skip loading
== resolving dependencies org.scala-tools.sbt#ivy_2.7.7;0.7.0->org.apache.ivy#ivy;2.1.0 [default->master]
loadData of org.apache.ivy#ivy;2.1.0 of rootConf=default
default is loaded and no conf to load.  Skip loading
== resolving dependencies org.scala-tools.sbt#ivy_2.7.7;0.7.0->org.scala-tools.sbt#interface;0.7.0 [default->default(compile)]
loadData of org.scala-tools.sbt#interface;0.7.0 of rootConf=default
default is loaded and no conf to load.  Skip loading
== resolving dependencies org.scala-tools.sbt#compile_2.7.7;0.7.0->org.scala-tools.sbt#classpath_2.7.7;0.7.0 [default->default(compile)]
excluding dependency: org.scala-lang#scala-library;2.7.7 {default=[default(compile)]} in default
excluding dependency: org.scala-lang#scala-compiler;2.7.7 {default=[default(compile)]} in default
loadData of org.scala-tools.sbt#classpath_2.7.7;0.7.0 of rootConf=default
	using redefined-public to resolve org.scala-tools.sbt#classpath_2.7.7;0.7.0
redefined-public: Checking cache for: dependency: org.scala-tools.sbt#classpath_2.7.7;0.7.0 {default=[default(compile)]}
	no ivy file in cache for org.scala-tools.sbt#classpath_2.7.7;0.7.0: tried /Users/nkpart/.ivy2/cache/org.scala-tools.sbt/classpath_2.7.7/ivy-0.7.0.xml
	no ivy file in cache for org.scala-tools.sbt#classpath_2.7.7;0.7.0: tried /Users/nkpart/.ivy2/cache/org.scala-tools.sbt/classpath_2.7.7/ivy-0.7.0.xml
	 trying /Users/nkpart/.ivy2/local/org.scala-tools.sbt/classpath_2.7.7/0.7.0/ivys/ivy.xml
		tried /Users/nkpart/.ivy2/local/org.scala-tools.sbt/classpath_2.7.7/0.7.0/ivys/ivy.xml
	local: resource not reachable for org.scala-tools.sbt#classpath_2.7.7;0.7.0: res=/Users/nkpart/.ivy2/local/org.scala-tools.sbt/classpath_2.7.7/0.7.0/ivys/ivy.xml
	 trying /Users/nkpart/.ivy2/local/org.scala-tools.sbt/classpath_2.7.7/0.7.0/jars/classpath_2.7.7.jar
		tried /Users/nkpart/.ivy2/local/org.scala-tools.sbt/classpath_2.7.7/0.7.0/jars/classpath_2.7.7.jar
	local: resource not reachable for org.scala-tools.sbt#classpath_2.7.7;0.7.0: res=/Users/nkpart/.ivy2/local/org.scala-tools.sbt/classpath_2.7.7/0.7.0/jars/classpath_2.7.7.jar
	local: no ivy file nor artifact found for org.scala-tools.sbt#classpath_2.7.7;0.7.0
	no ivy file in cache for org.scala-tools.sbt#classpath_2.7.7;0.7.0: tried /Users/nkpart/.ivy2/cache/org.scala-tools.sbt/classpath_2.7.7/ivy-0.7.0.xml
	 trying file:///Users/nkpart/.m2/repository/org/scala-tools/sbt/classpath_2.7.7/0.7.0/classpath_2.7.7-0.7.0.pom
		tried file:///Users/nkpart/.m2/repository/org/scala-tools/sbt/classpath_2.7.7/0.7.0/classpath_2.7.7-0.7.0.pom
	Maven2 Local: resource not reachable for org/scala-tools/sbt#classpath_2.7.7;0.7.0: res=file:/Users/nkpart/.m2/repository/org/scala-tools/sbt/classpath_2.7.7/0.7.0/classpath_2.7.7-0.7.0.pom
	 trying file:///Users/nkpart/.m2/repository/org/scala-tools/sbt/classpath_2.7.7/0.7.0/classpath_2.7.7-0.7.0.jar
		tried file:///Users/nkpart/.m2/repository/org/scala-tools/sbt/classpath_2.7.7/0.7.0/classpath_2.7.7-0.7.0.jar
	Maven2 Local: resource not reachable for org/scala-tools/sbt#classpath_2.7.7;0.7.0: res=file:/Users/nkpart/.m2/repository/org/scala-tools/sbt/classpath_2.7.7/0.7.0/classpath_2.7.7-0.7.0.jar
	Maven2 Local: no ivy file nor artifact found for org.scala-tools.sbt#classpath_2.7.7;0.7.0
	no ivy file in cache for org.scala-tools.sbt#classpath_2.7.7;0.7.0: tried /Users/nkpart/.ivy2/cache/org.scala-tools.sbt/classpath_2.7.7/ivy-0.7.0.xml
	 trying http://databinder.net/repo/org.scala-tools.sbt/classpath_2.7.7/0.7.0/ivys/ivy.xml
		tried http://databinder.net/repo/org.scala-tools.sbt/classpath_2.7.7/0.7.0/ivys/ivy.xml
	sbt-db: found md file for org.scala-tools.sbt#classpath_2.7.7;0.7.0
		=> http://databinder.net/repo/org.scala-tools.sbt/classpath_2.7.7/0.7.0/ivys/ivy.xml (0.7.0)
	parser = ivy parser
	no ivy file in cache for org.scala-tools.sbt#classpath_2.7.7;0.7.0: tried /Users/nkpart/.ivy2/cache/org.scala-tools.sbt/classpath_2.7.7/ivy-0.7.0.xml
downloading http://databinder.net/repo/org.scala-tools.sbt/classpath_2.7.7/0.7.0/ivys/ivy.xml ...
	sbt-db: downloading http://databinder.net/repo/org.scala-tools.sbt/classpath_2.7.7/0.7.0/ivys/ivy.xml
		to /Users/nkpart/.ivy2/cache/org.scala-tools.sbt/classpath_2.7.7/ivy-0.7.0.xml.original.part
	[SUCCESSFUL ] org.scala-tools.sbt#classpath_2.7.7;0.7.0!ivy.xml(ivy.original) (428ms)
pre 1.3 ivy file: using exactOrRegexp as default matcher
	default-cache: parsed downloaded md file for org.scala-tools.sbt#classpath_2.7.7;0.7.0; parsed=org.scala-tools.sbt#classpath_2.7.7;0.7.0
	checking org.scala-tools.sbt#classpath_2.7.7;0.7.0 from sbt-db against [none]
	module revision kept as first found: org.scala-tools.sbt#classpath_2.7.7;0.7.0 from sbt-db
	found org.scala-tools.sbt#classpath_2.7.7;0.7.0 in sbt-db
== resolving dependencies org.scala-tools.sbt#compile_2.7.7;0.7.0->org.scala-tools.sbt#interface;0.7.0 [default->default(compile)]
loadData of org.scala-tools.sbt#interface;0.7.0 of rootConf=default
default is loaded and no conf to load.  Skip loading
== resolving dependencies org.scala-tools.sbt#compile_2.7.7;0.7.0->org.scala-tools.sbt#io_2.7.7;0.7.0 [default->default(compile)]
excluding dependency: org.scala-lang#scala-library;2.7.7 {default=[default(compile)]} in default
excluding dependency: org.scala-lang#scala-compiler;2.7.7 {default=[default(compile)]} in default
loadData of org.scala-tools.sbt#io_2.7.7;0.7.0 of rootConf=default
	using redefined-public to resolve org.scala-tools.sbt#io_2.7.7;0.7.0
redefined-public: Checking cache for: dependency: org.scala-tools.sbt#io_2.7.7;0.7.0 {default=[default(compile)]}
No entry is found in the ModuleDescriptorCache : /Users/nkpart/.ivy2/cache/org.scala-tools.sbt/io_2.7.7/ivy-0.7.0.xml
pre 1.3 ivy file: using exactOrRegexp as default matcher
ERROR: unknown resolver technically.us
	resolver not found: technically.us => trying to use the one configured for org.scala-tools.sbt#io_2.7.7;0.7.0
	configured resolver found for org.scala-tools.sbt#io_2.7.7;0.7.0: redefined-public: saving this data
ERROR: unknown resolver technically.us
	found ivy file in cache for org.scala-tools.sbt#io_2.7.7;0.7.0 (resolved by redefined-public): /Users/nkpart/.ivy2/cache/org.scala-tools.sbt/io_2.7.7/ivy-0.7.0.xml
redefined-public: module revision found in cache: org.scala-tools.sbt#io_2.7.7;0.7.0
	found org.scala-tools.sbt#io_2.7.7;0.7.0 in redefined-public
== resolving dependencies org.scala-tools.sbt#io_2.7.7;0.7.0->org.scala-tools.sbt#control_2.7.7;0.7.0 [default->default(compile)]
excluding dependency: org.scala-lang#scala-library;2.7.7 {default=[default(compile)]} in default
excluding dependency: org.scala-lang#scala-compiler;2.7.7 {default=[default(compile)]} in default
loadData of org.scala-tools.sbt#control_2.7.7;0.7.0 of rootConf=default
	using redefined-public to resolve org.scala-tools.sbt#control_2.7.7;0.7.0
redefined-public: Checking cache for: dependency: org.scala-tools.sbt#control_2.7.7;0.7.0 {default=[default(compile)]}
No entry is found in the ModuleDescriptorCache : /Users/nkpart/.ivy2/cache/org.scala-tools.sbt/control_2.7.7/ivy-0.7.0.xml
pre 1.3 ivy file: using exactOrRegexp as default matcher
ERROR: unknown resolver technically.us
	resolver not found: technically.us => trying to use the one configured for org.scala-tools.sbt#control_2.7.7;0.7.0
	configured resolver found for org.scala-tools.sbt#control_2.7.7;0.7.0: redefined-public: saving this data
ERROR: unknown resolver technically.us
	found ivy file in cache for org.scala-tools.sbt#control_2.7.7;0.7.0 (resolved by redefined-public): /Users/nkpart/.ivy2/cache/org.scala-tools.sbt/control_2.7.7/ivy-0.7.0.xml
redefined-public: module revision found in cache: org.scala-tools.sbt#control_2.7.7;0.7.0
	found org.scala-tools.sbt#control_2.7.7;0.7.0 in redefined-public
Nbr of module to sort : 12
Sort dependencies of : org.scala-tools.sbt#sbt_2.7.7;0.7.0 / Number of dependencies = 10
Sort dependencies of : com.jcraft#jsch;0.1.31 / Number of dependencies = 1
Sort done for : com.jcraft#jsch;0.1.31
Sort dependencies of : org.scala-tools.testing#test-interface;0.4 / Number of dependencies = 0
Sort done for : org.scala-tools.testing#test-interface;0.4
Sort dependencies of : org.apache.ivy#ivy;2.1.0 / Number of dependencies = 13
Module descriptor is processed : com.jcraft#jsch;0.1.31
Sort done for : org.apache.ivy#ivy;2.1.0
Sort dependencies of : org.scala-tools.sbt#compile_2.7.7;0.7.0 / Number of dependencies = 5
Sort dependencies of : org.scala-tools.sbt#compiler-interface;0.7.0 / Number of dependencies = 2
Sort dependencies of : jline#jline;0.9.94 / Number of dependencies = 1
Sort done for : jline#jline;0.9.94
Sort dependencies of : org.scala-tools.sbt#interface;0.7.0 / Number of dependencies = 0
Sort done for : org.scala-tools.sbt#interface;0.7.0
Sort done for : org.scala-tools.sbt#compiler-interface;0.7.0
Sort dependencies of : org.scala-tools.sbt#ivy_2.7.7;0.7.0 / Number of dependencies = 2
Module descriptor is processed : org.apache.ivy#ivy;2.1.0
Module descriptor is processed : org.scala-tools.sbt#interface;0.7.0
Sort done for : org.scala-tools.sbt#ivy_2.7.7;0.7.0
Sort dependencies of : org.scala-tools.sbt#classpath_2.7.7;0.7.0 / Number of dependencies = 0
Sort done for : org.scala-tools.sbt#classpath_2.7.7;0.7.0
Module descriptor is processed : org.scala-tools.sbt#interface;0.7.0
Sort dependencies of : org.scala-tools.sbt#io_2.7.7;0.7.0 / Number of dependencies = 1
Sort dependencies of : org.scala-tools.sbt#control_2.7.7;0.7.0 / Number of dependencies = 0
Sort done for : org.scala-tools.sbt#control_2.7.7;0.7.0
Sort done for : org.scala-tools.sbt#io_2.7.7;0.7.0
Sort done for : org.scala-tools.sbt#compile_2.7.7;0.7.0
Sort done for : org.scala-tools.sbt#sbt_2.7.7;0.7.0
Module descriptor is processed : com.jcraft#jsch;0.1.31
Module descriptor is processed : org.scala-tools.testing#test-interface;0.4
Module descriptor is processed : org.apache.ivy#ivy;2.1.0
Module descriptor is processed : org.scala-tools.sbt#compile_2.7.7;0.7.0
Module descriptor is processed : org.scala-tools.sbt#compiler-interface;0.7.0
Module descriptor is processed : org.scala-tools.sbt#ivy_2.7.7;0.7.0
Module descriptor is processed : org.scala-tools.sbt#classpath_2.7.7;0.7.0
Module descriptor is processed : org.scala-tools.sbt#interface;0.7.0
Module descriptor is processed : org.scala-tools.sbt#io_2.7.7;0.7.0
Module descriptor is processed : jline#jline;0.9.94
Module descriptor is processed : org.scala-tools.sbt#control_2.7.7;0.7.0
	resolved ivy file produced in /Users/nkpart/.ivy2/cache/resolved-org.scala-tools.sbt-boot-app-1.0.xml
:: downloading artifacts ::
	 trying http://databinder.net/repo/org.scala-tools.sbt/sbt_2.7.7/0.7.0/jars/sbt_2.7.7.jar
		tried http://databinder.net/repo/org.scala-tools.sbt/sbt_2.7.7/0.7.0/jars/sbt_2.7.7.jar
downloading http://databinder.net/repo/org.scala-tools.sbt/sbt_2.7.7/0.7.0/jars/sbt_2.7.7.jar ...
	sbt-db: downloading http://databinder.net/repo/org.scala-tools.sbt/sbt_2.7.7/0.7.0/jars/sbt_2.7.7.jar
		to /Users/nkpart/.ivy2/cache/org.scala-tools.sbt/sbt_2.7.7/jars/sbt_2.7.7-0.7.0.jar.part
	[SUCCESSFUL ] org.scala-tools.sbt#sbt_2.7.7;0.7.0!sbt_2.7.7.jar (4605ms)
	[NOT REQUIRED] com.jcraft#jsch;0.1.31!jsch.jar
	[NOT REQUIRED] org.scala-tools.testing#test-interface;0.4!test-interface.jar
	[NOT REQUIRED] org.apache.ivy#ivy;2.1.0!ivy.jar
	 trying http://databinder.net/repo/org.scala-tools.sbt/compile_2.7.7/0.7.0/jars/compile_2.7.7.jar
		tried http://databinder.net/repo/org.scala-tools.sbt/compile_2.7.7/0.7.0/jars/compile_2.7.7.jar
downloading http://databinder.net/repo/org.scala-tools.sbt/compile_2.7.7/0.7.0/jars/compile_2.7.7.jar ...
	sbt-db: downloading http://databinder.net/repo/org.scala-tools.sbt/compile_2.7.7/0.7.0/jars/compile_2.7.7.jar
		to /Users/nkpart/.ivy2/cache/org.scala-tools.sbt/compile_2.7.7/jars/compile_2.7.7-0.7.0.jar.part
	[SUCCESSFUL ] org.scala-tools.sbt#compile_2.7.7;0.7.0!compile_2.7.7.jar (1566ms)
	 trying http://databinder.net/repo/org.scala-tools.sbt/compiler-interface/0.7.0/jars/compiler-interface.jar
		tried http://databinder.net/repo/org.scala-tools.sbt/compiler-interface/0.7.0/jars/compiler-interface.jar
downloading http://databinder.net/repo/org.scala-tools.sbt/compiler-interface/0.7.0/jars/compiler-interface.jar ...
	sbt-db: downloading http://databinder.net/repo/org.scala-tools.sbt/compiler-interface/0.7.0/jars/compiler-interface.jar
		to /Users/nkpart/.ivy2/cache/org.scala-tools.sbt/compiler-interface/jars/compiler-interface-0.7.0.jar.part
	[SUCCESSFUL ] org.scala-tools.sbt#compiler-interface;0.7.0!compiler-interface.jar (755ms)
	 trying http://databinder.net/repo/org.scala-tools.sbt/ivy_2.7.7/0.7.0/jars/ivy_2.7.7.jar
		tried http://databinder.net/repo/org.scala-tools.sbt/ivy_2.7.7/0.7.0/jars/ivy_2.7.7.jar
downloading http://databinder.net/repo/org.scala-tools.sbt/ivy_2.7.7/0.7.0/jars/ivy_2.7.7.jar ...
	sbt-db: downloading http://databinder.net/repo/org.scala-tools.sbt/ivy_2.7.7/0.7.0/jars/ivy_2.7.7.jar
		to /Users/nkpart/.ivy2/cache/org.scala-tools.sbt/ivy_2.7.7/jars/ivy_2.7.7-0.7.0.jar.part
	[SUCCESSFUL ] org.scala-tools.sbt#ivy_2.7.7;0.7.0!ivy_2.7.7.jar (1810ms)
	 trying http://databinder.net/repo/org.scala-tools.sbt/classpath_2.7.7/0.7.0/jars/classpath_2.7.7.jar
		tried http://databinder.net/repo/org.scala-tools.sbt/classpath_2.7.7/0.7.0/jars/classpath_2.7.7.jar
downloading http://databinder.net/repo/org.scala-tools.sbt/classpath_2.7.7/0.7.0/jars/classpath_2.7.7.jar ...
	sbt-db: downloading http://databinder.net/repo/org.scala-tools.sbt/classpath_2.7.7/0.7.0/jars/classpath_2.7.7.jar
		to /Users/nkpart/.ivy2/cache/org.scala-tools.sbt/classpath_2.7.7/jars/classpath_2.7.7-0.7.0.jar.part
	[SUCCESSFUL ] org.scala-tools.sbt#classpath_2.7.7;0.7.0!classpath_2.7.7.jar (647ms)
	 trying http://databinder.net/repo/org.scala-tools.sbt/interface/0.7.0/jars/interface.jar
		tried http://databinder.net/repo/org.scala-tools.sbt/interface/0.7.0/jars/interface.jar
downloading http://databinder.net/repo/org.scala-tools.sbt/interface/0.7.0/jars/interface.jar ...
	sbt-db: downloading http://databinder.net/repo/org.scala-tools.sbt/interface/0.7.0/jars/interface.jar
		to /Users/nkpart/.ivy2/cache/org.scala-tools.sbt/interface/jars/interface-0.7.0.jar.part
	[SUCCESSFUL ] org.scala-tools.sbt#interface;0.7.0!interface.jar (836ms)
	[NOT REQUIRED] org.scala-tools.sbt#io_2.7.7;0.7.0!io_2.7.7.jar
	[NOT REQUIRED] jline#jline;0.9.94!jline.jar
	[NOT REQUIRED] org.scala-tools.sbt#control_2.7.7;0.7.0!control_2.7.7.jar
:: resolution report :: resolve 7214ms :: artifacts dl 10477ms
Nbr of module to sort : 12
Sort dependencies of : org.scala-tools.sbt#sbt_2.7.7;0.7.0 / Number of dependencies = 10
Sort dependencies of : com.jcraft#jsch;0.1.31 / Number of dependencies = 1
Sort done for : com.jcraft#jsch;0.1.31
Sort dependencies of : org.scala-tools.testing#test-interface;0.4 / Number of dependencies = 0
Sort done for : org.scala-tools.testing#test-interface;0.4
Sort dependencies of : org.apache.ivy#ivy;2.1.0 / Number of dependencies = 13
Module descriptor is processed : com.jcraft#jsch;0.1.31
Sort done for : org.apache.ivy#ivy;2.1.0
Sort dependencies of : org.scala-tools.sbt#compile_2.7.7;0.7.0 / Number of dependencies = 5
Sort dependencies of : org.scala-tools.sbt#compiler-interface;0.7.0 / Number of dependencies = 2
Sort dependencies of : jline#jline;0.9.94 / Number of dependencies = 1
Sort done for : jline#jline;0.9.94
Sort dependencies of : org.scala-tools.sbt#interface;0.7.0 / Number of dependencies = 0
Sort done for : org.scala-tools.sbt#interface;0.7.0
Sort done for : org.scala-tools.sbt#compiler-interface;0.7.0
Sort dependencies of : org.scala-tools.sbt#ivy_2.7.7;0.7.0 / Number of dependencies = 2
Module descriptor is processed : org.apache.ivy#ivy;2.1.0
Module descriptor is processed : org.scala-tools.sbt#interface;0.7.0
Sort done for : org.scala-tools.sbt#ivy_2.7.7;0.7.0
Sort dependencies of : org.scala-tools.sbt#classpath_2.7.7;0.7.0 / Number of dependencies = 0
Sort done for : org.scala-tools.sbt#classpath_2.7.7;0.7.0
Module descriptor is processed : org.scala-tools.sbt#interface;0.7.0
Sort dependencies of : org.scala-tools.sbt#io_2.7.7;0.7.0 / Number of dependencies = 1
Sort dependencies of : org.scala-tools.sbt#control_2.7.7;0.7.0 / Number of dependencies = 0
Sort done for : org.scala-tools.sbt#control_2.7.7;0.7.0
Sort done for : org.scala-tools.sbt#io_2.7.7;0.7.0
Sort done for : org.scala-tools.sbt#compile_2.7.7;0.7.0
Sort done for : org.scala-tools.sbt#sbt_2.7.7;0.7.0
Module descriptor is processed : com.jcraft#jsch;0.1.31
Module descriptor is processed : org.scala-tools.testing#test-interface;0.4
Module descriptor is processed : org.apache.ivy#ivy;2.1.0
Module descriptor is processed : org.scala-tools.sbt#compile_2.7.7;0.7.0
Module descriptor is processed : org.scala-tools.sbt#compiler-interface;0.7.0
Module descriptor is processed : jline#jline;0.9.94
Module descriptor is processed : org.scala-tools.sbt#interface;0.7.0
Module descriptor is processed : org.scala-tools.sbt#ivy_2.7.7;0.7.0
Module descriptor is processed : org.scala-tools.sbt#classpath_2.7.7;0.7.0
Module descriptor is processed : org.scala-tools.sbt#io_2.7.7;0.7.0
Module descriptor is processed : org.scala-tools.sbt#control_2.7.7;0.7.0
	report for org.scala-tools.sbt#boot-app;1.0 default produced in /Users/nkpart/.ivy2/cache/org.scala-tools.sbt-boot-app-default.xml
	resolve done (7214ms resolve - 10477ms download)

:: problems summary ::
:::: ERRORS
	unknown resolver technically.us

	unknown resolver technically.us

	unknown resolver technically.us

	unknown resolver technically.us


:: USE VERBOSE OR DEBUG MESSAGE LEVEL FOR MORE DETAILS
:: retrieving :: org.scala-tools.sbt#boot-app
	checkUpToDate=true
no explicit confs given for retrieve, using ivy file: /Users/nkpart/.ivy2/cache/resolved-org.scala-tools.sbt-boot-app-1.0.xml
using ivy parser to parse /Users/nkpart/.ivy2/cache/resolved-org.scala-tools.sbt-boot-app-1.0.xml
pre 1.3 ivy file: using exactOrRegexp as default matcher
	confs: [default]
	retrieving /Users/nkpart/.ivy2/cache/org.scala-tools.sbt/ivy_2.7.7/jars/ivy_2.7.7-0.7.0.jar
		to /Users/nkpart/p/deriving-scalaz/project/boot/scala-2.7.7/org.scala-tools.sbt/sbt/0.7.0/ivy_2.7.7-0.7.0.jar
	retrieving /Users/nkpart/.ivy2/cache/jline/jline/jars/jline-0.9.94.jar
		to /Users/nkpart/p/deriving-scalaz/project/boot/scala-2.7.7/org.scala-tools.sbt/sbt/0.7.0/compiler-interface-src/jline-0.9.94.jar
	retrieving /Users/nkpart/.ivy2/cache/org.apache.ivy/ivy/jars/ivy-2.1.0.jar
		to /Users/nkpart/p/deriving-scalaz/project/boot/scala-2.7.7/org.scala-tools.sbt/sbt/0.7.0/ivy-2.1.0.jar
	retrieving /Users/nkpart/.ivy2/cache/org.scala-tools.testing/test-interface/jars/test-interface-0.4.jar
		to /Users/nkpart/p/deriving-scalaz/project/boot/scala-2.7.7/org.scala-tools.sbt/sbt/0.7.0/test-interface-0.4.jar
	retrieving /Users/nkpart/.ivy2/cache/org.scala-tools.sbt/control_2.7.7/jars/control_2.7.7-0.7.0.jar
		to /Users/nkpart/p/deriving-scalaz/project/boot/scala-2.7.7/org.scala-tools.sbt/sbt/0.7.0/control_2.7.7-0.7.0.jar
	retrieving /Users/nkpart/.ivy2/cache/org.scala-tools.sbt/sbt_2.7.7/jars/sbt_2.7.7-0.7.0.jar
		to /Users/nkpart/p/deriving-scalaz/project/boot/scala-2.7.7/org.scala-tools.sbt/sbt/0.7.0/sbt_2.7.7-0.7.0.jar
	retrieving /Users/nkpart/.ivy2/cache/org.scala-tools.sbt/io_2.7.7/jars/io_2.7.7-0.7.0.jar
		to /Users/nkpart/p/deriving-scalaz/project/boot/scala-2.7.7/org.scala-tools.sbt/sbt/0.7.0/io_2.7.7-0.7.0.jar
	retrieving /Users/nkpart/.ivy2/cache/org.scala-tools.sbt/interface/jars/interface-0.7.0.jar
		to /Users/nkpart/p/deriving-scalaz/project/boot/scala-2.7.7/org.scala-tools.sbt/sbt/0.7.0/xsbti/interface-0.7.0.jar
	retrieving /Users/nkpart/.ivy2/cache/org.scala-tools.sbt/compile_2.7.7/jars/compile_2.7.7-0.7.0.jar
		to /Users/nkpart/p/deriving-scalaz/project/boot/scala-2.7.7/org.scala-tools.sbt/sbt/0.7.0/compile_2.7.7-0.7.0.jar
	retrieving /Users/nkpart/.ivy2/cache/org.scala-tools.sbt/compiler-interface/jars/compiler-interface-0.7.0.jar
		to /Users/nkpart/p/deriving-scalaz/project/boot/scala-2.7.7/org.scala-tools.sbt/sbt/0.7.0/compiler-interface-src/compiler-interface-0.7.0.jar
	retrieving /Users/nkpart/.ivy2/cache/com.jcraft/jsch/jars/jsch-0.1.31.jar
		to /Users/nkpart/p/deriving-scalaz/project/boot/scala-2.7.7/org.scala-tools.sbt/sbt/0.7.0/jsch-0.1.31.jar
	retrieving /Users/nkpart/.ivy2/cache/org.scala-tools.sbt/classpath_2.7.7/jars/classpath_2.7.7-0.7.0.jar
		to /Users/nkpart/p/deriving-scalaz/project/boot/scala-2.7.7/org.scala-tools.sbt/sbt/0.7.0/classpath_2.7.7-0.7.0.jar
	12 artifacts copied, 0 already retrieved (3677kB/263ms)
	retrieve done (263ms)
